  majorProcess.cpp
C:\Users\Zhao Yufeng\Documents\VSCode\C++\MPEforVS2019\MPE\MPE\functionDraw.h(200,21): warning C4018: “<”: 有符号/无符号不匹配
C:\Users\Zhao Yufeng\Documents\VSCode\C++\MPEforVS2019\MPE\MPE\functionDraw.h(230,20): warning C4018: “<”: 有符号/无符号不匹配
C:\Users\Zhao Yufeng\Documents\VSCode\C++\MPEforVS2019\MPE\MPE\functionDraw.h(249,21): warning C4018: “<”: 有符号/无符号不匹配
C:\Users\Zhao Yufeng\Documents\VSCode\C++\MPEforVS2019\MPE\MPE\functionDraw.h(433,92): warning C4244: “参数”: 从“double”转换到“int”，可能丢失数据
C:\Users\Zhao Yufeng\Documents\VSCode\C++\MPEforVS2019\MPE\MPE\functionDraw.h(433,75): warning C4244: “参数”: 从“double”转换到“int”，可能丢失数据
C:\Users\Zhao Yufeng\Documents\VSCode\C++\MPEforVS2019\MPE\MPE\functionDraw.h(433,48): warning C4244: “参数”: 从“double”转换到“int”，可能丢失数据
C:\Users\Zhao Yufeng\Documents\VSCode\C++\MPEforVS2019\MPE\MPE\functionDraw.h(433,31): warning C4244: “参数”: 从“double”转换到“int”，可能丢失数据
C:\Users\Zhao Yufeng\Documents\VSCode\C++\MPEforVS2019\MPE\MPE\functionDraw.h(436,41): warning C4244: “参数”: 从“double”转换到“int”，可能丢失数据
C:\Users\Zhao Yufeng\Documents\VSCode\C++\MPEforVS2019\MPE\MPE\functionDraw.h(439,90): warning C4244: “参数”: 从“double”转换到“int”，可能丢失数据
C:\Users\Zhao Yufeng\Documents\VSCode\C++\MPEforVS2019\MPE\MPE\functionDraw.h(439,62): warning C4244: “参数”: 从“double”转换到“int”，可能丢失数据
C:\Users\Zhao Yufeng\Documents\VSCode\C++\MPEforVS2019\MPE\MPE\functionDraw.h(439,45): warning C4244: “参数”: 从“double”转换到“int”，可能丢失数据
C:\Users\Zhao Yufeng\Documents\VSCode\C++\MPEforVS2019\MPE\MPE\functionDraw.h(439,17): warning C4244: “参数”: 从“double”转换到“int”，可能丢失数据
C:\Users\Zhao Yufeng\Documents\VSCode\C++\MPEforVS2019\MPE\MPE\functionDraw.h(442,60): warning C4244: “参数”: 从“double”转换到“int”，可能丢失数据
C:\Users\Zhao Yufeng\Documents\VSCode\C++\MPEforVS2019\MPE\MPE\functionDraw.h(446,15): warning C4244: “初始化”: 从“double”转换到“int”，可能丢失数据
C:\Users\Zhao Yufeng\Documents\VSCode\C++\MPEforVS2019\MPE\MPE\functionDraw.h(447,15): warning C4244: “初始化”: 从“double”转换到“int”，可能丢失数据
C:\Users\Zhao Yufeng\Documents\VSCode\C++\MPEforVS2019\MPE\MPE\functionDraw.h(450,138): warning C4244: “参数”: 从“double”转换到“int”，可能丢失数据
C:\Users\Zhao Yufeng\Documents\VSCode\C++\MPEforVS2019\MPE\MPE\functionDraw.h(450,121): warning C4244: “参数”: 从“double”转换到“int”，可能丢失数据
C:\Users\Zhao Yufeng\Documents\VSCode\C++\MPEforVS2019\MPE\MPE\functionDraw.h(450,71): warning C4244: “参数”: 从“double”转换到“int”，可能丢失数据
C:\Users\Zhao Yufeng\Documents\VSCode\C++\MPEforVS2019\MPE\MPE\functionDraw.h(450,54): warning C4244: “参数”: 从“double”转换到“int”，可能丢失数据
C:\Users\Zhao Yufeng\Documents\VSCode\C++\MPEforVS2019\MPE\MPE\functionDraw.h(453,64): warning C4244: “参数”: 从“double”转换到“int”，可能丢失数据
C:\Users\Zhao Yufeng\Documents\VSCode\C++\MPEforVS2019\MPE\MPE\functionDraw.h(456,119): warning C4244: “参数”: 从“double”转换到“int”，可能丢失数据
C:\Users\Zhao Yufeng\Documents\VSCode\C++\MPEforVS2019\MPE\MPE\functionDraw.h(456,82): warning C4244: “参数”: 从“double”转换到“int”，可能丢失数据
C:\Users\Zhao Yufeng\Documents\VSCode\C++\MPEforVS2019\MPE\MPE\functionDraw.h(456,54): warning C4244: “参数”: 从“double”转换到“int”，可能丢失数据
C:\Users\Zhao Yufeng\Documents\VSCode\C++\MPEforVS2019\MPE\MPE\functionDraw.h(456,17): warning C4244: “参数”: 从“double”转换到“int”，可能丢失数据
C:\Users\Zhao Yufeng\Documents\VSCode\C++\MPEforVS2019\MPE\MPE\functionDraw.h(459,69): warning C4244: “参数”: 从“double”转换到“int”，可能丢失数据
C:\Users\Zhao Yufeng\Documents\VSCode\C++\MPEforVS2019\MPE\MPE\linearAnalysis.h(48,20): warning C4018: “<”: 有符号/无符号不匹配
C:\Users\Zhao Yufeng\Documents\VSCode\C++\MPEforVS2019\MPE\MPE\smooth.h(44,20): warning C4018: “<”: 有符号/无符号不匹配
C:\Users\Zhao Yufeng\Documents\VSCode\C++\MPEforVS2019\MPE\MPE\smooth.h(45,21): warning C4018: “<”: 有符号/无符号不匹配
C:\Users\Zhao Yufeng\Documents\VSCode\C++\MPEforVS2019\MPE\MPE\smooth.h(54,20): warning C4018: “<”: 有符号/无符号不匹配
C:\Users\Zhao Yufeng\Documents\VSCode\C++\MPEforVS2019\MPE\MPE\smooth.h(56,18): warning C4018: “>”: 有符号/无符号不匹配
C:\Users\Zhao Yufeng\Documents\VSCode\C++\MPEforVS2019\MPE\MPE\smooth.h(69,21): warning C4018: “<”: 有符号/无符号不匹配
C:\Users\Zhao Yufeng\Documents\VSCode\C++\MPEforVS2019\MPE\MPE\expr.h(32,20): warning C4018: “<”: 有符号/无符号不匹配
C:\Users\Zhao Yufeng\Documents\VSCode\C++\MPEforVS2019\MPE\MPE\expr.h(45,16): warning C4018: “>=”: 有符号/无符号不匹配
C:\Users\Zhao Yufeng\Documents\VSCode\C++\MPEforVS2019\MPE\MPE\expr.h(54,21): warning C4018: “<”: 有符号/无符号不匹配
C:\Users\Zhao Yufeng\Documents\VSCode\C++\MPEforVS2019\MPE\MPE\expr.h(82,20): warning C4018: “<”: 有符号/无符号不匹配
C:\Users\Zhao Yufeng\Documents\VSCode\C++\MPEforVS2019\MPE\MPE\expr.h(95,16): warning C4018: “>=”: 有符号/无符号不匹配
C:\Users\Zhao Yufeng\Documents\VSCode\C++\MPEforVS2019\MPE\MPE\expr.h(104,21): warning C4018: “<”: 有符号/无符号不匹配
C:\Users\Zhao Yufeng\Documents\VSCode\C++\MPEforVS2019\MPE\MPE\expr.h(127,20): warning C4018: “<”: 有符号/无符号不匹配
C:\Users\Zhao Yufeng\Documents\VSCode\C++\MPEforVS2019\MPE\MPE\expr.h(148,20): warning C4018: “<”: 有符号/无符号不匹配
C:\Users\Zhao Yufeng\Documents\VSCode\C++\MPEforVS2019\MPE\MPE\majorProcess.cpp(41,34): warning C4018: “<”: 有符号/无符号不匹配
  正在生成代码
  Previous IPDB not found, fall back to full compilation.
  All 439 functions were compiled because no usable IPDB/IOBJ from previous compilation was found.
  已完成代码的生成
  MPE.vcxproj -> C:\Users\Zhao Yufeng\Documents\VSCode\C++\MPEforVS2019\MPE\Release\MPE.exe
