  test.cpp
C:\Users\Zhao Yufeng\Documents\VSCode\C++\MPEforVS2019\MPE\MPE\functionDraw.h(193,21): warning C4018: “<”: 有符号/无符号不匹配
C:\Users\Zhao Yufeng\Documents\VSCode\C++\MPEforVS2019\MPE\MPE\functionDraw.h(223,20): warning C4018: “<”: 有符号/无符号不匹配
C:\Users\Zhao Yufeng\Documents\VSCode\C++\MPEforVS2019\MPE\MPE\functionDraw.h(392,91): warning C4244: “参数”: 从“double”转换到“int”，可能丢失数据
C:\Users\Zhao Yufeng\Documents\VSCode\C++\MPEforVS2019\MPE\MPE\functionDraw.h(392,74): warning C4244: “参数”: 从“double”转换到“int”，可能丢失数据
C:\Users\Zhao Yufeng\Documents\VSCode\C++\MPEforVS2019\MPE\MPE\functionDraw.h(392,47): warning C4244: “参数”: 从“double”转换到“int”，可能丢失数据
C:\Users\Zhao Yufeng\Documents\VSCode\C++\MPEforVS2019\MPE\MPE\functionDraw.h(392,30): warning C4244: “参数”: 从“double”转换到“int”，可能丢失数据
C:\Users\Zhao Yufeng\Documents\VSCode\C++\MPEforVS2019\MPE\MPE\functionDraw.h(395,40): warning C4244: “参数”: 从“double”转换到“int”，可能丢失数据
C:\Users\Zhao Yufeng\Documents\VSCode\C++\MPEforVS2019\MPE\MPE\functionDraw.h(398,89): warning C4244: “参数”: 从“double”转换到“int”，可能丢失数据
C:\Users\Zhao Yufeng\Documents\VSCode\C++\MPEforVS2019\MPE\MPE\functionDraw.h(398,61): warning C4244: “参数”: 从“double”转换到“int”，可能丢失数据
C:\Users\Zhao Yufeng\Documents\VSCode\C++\MPEforVS2019\MPE\MPE\functionDraw.h(398,44): warning C4244: “参数”: 从“double”转换到“int”，可能丢失数据
C:\Users\Zhao Yufeng\Documents\VSCode\C++\MPEforVS2019\MPE\MPE\functionDraw.h(398,16): warning C4244: “参数”: 从“double”转换到“int”，可能丢失数据
C:\Users\Zhao Yufeng\Documents\VSCode\C++\MPEforVS2019\MPE\MPE\functionDraw.h(401,59): warning C4244: “参数”: 从“double”转换到“int”，可能丢失数据
C:\Users\Zhao Yufeng\Documents\VSCode\C++\MPEforVS2019\MPE\MPE\linearAnalysis.h(48,20): warning C4018: “<”: 有符号/无符号不匹配
C:\Users\Zhao Yufeng\Documents\VSCode\C++\MPEforVS2019\MPE\MPE\smooth.h(44,20): warning C4018: “<”: 有符号/无符号不匹配
C:\Users\Zhao Yufeng\Documents\VSCode\C++\MPEforVS2019\MPE\MPE\smooth.h(45,21): warning C4018: “<”: 有符号/无符号不匹配
C:\Users\Zhao Yufeng\Documents\VSCode\C++\MPEforVS2019\MPE\MPE\smooth.h(54,20): warning C4018: “<”: 有符号/无符号不匹配
C:\Users\Zhao Yufeng\Documents\VSCode\C++\MPEforVS2019\MPE\MPE\smooth.h(56,18): warning C4018: “>”: 有符号/无符号不匹配
C:\Users\Zhao Yufeng\Documents\VSCode\C++\MPEforVS2019\MPE\MPE\smooth.h(69,21): warning C4018: “<”: 有符号/无符号不匹配
C:\Users\Zhao Yufeng\Documents\VSCode\C++\MPEforVS2019\MPE\MPE\expr.h(32,20): warning C4018: “<”: 有符号/无符号不匹配
C:\Users\Zhao Yufeng\Documents\VSCode\C++\MPEforVS2019\MPE\MPE\expr.h(45,16): warning C4018: “>=”: 有符号/无符号不匹配
C:\Users\Zhao Yufeng\Documents\VSCode\C++\MPEforVS2019\MPE\MPE\expr.h(54,21): warning C4018: “<”: 有符号/无符号不匹配
C:\Users\Zhao Yufeng\Documents\VSCode\C++\MPEforVS2019\MPE\MPE\expr.h(82,20): warning C4018: “<”: 有符号/无符号不匹配
C:\Users\Zhao Yufeng\Documents\VSCode\C++\MPEforVS2019\MPE\MPE\expr.h(95,16): warning C4018: “>=”: 有符号/无符号不匹配
C:\Users\Zhao Yufeng\Documents\VSCode\C++\MPEforVS2019\MPE\MPE\expr.h(104,21): warning C4018: “<”: 有符号/无符号不匹配
C:\Users\Zhao Yufeng\Documents\VSCode\C++\MPEforVS2019\MPE\MPE\expr.h(125,20): warning C4018: “<”: 有符号/无符号不匹配
C:\Users\Zhao Yufeng\Documents\VSCode\C++\MPEforVS2019\MPE\MPE\expr.h(145,20): warning C4018: “<”: 有符号/无符号不匹配
  MPE.vcxproj -> C:\Users\Zhao Yufeng\Documents\VSCode\C++\MPEforVS2019\MPE\Debug\MPE.exe
