生成启动时间为 2020/7/31 21:57:08。
     1>项目“C:\Users\Zhao Yufeng\Documents\VSCode\C++\DataVisualization\DataVisual\DataVisual\DataVisual.vcxproj”在节点 2 上(Build 个目标)。
     1>ClCompile:
         D:\Visual Studio\VC\bin\CL.exe /c /ZI /nologo /W3 /WX- /sdl /Od /Oy- /D _MBCS /Gm /EHsc /RTC1 /MDd /GS /fp:precise /Zc:wchar_t /Zc:forScope /Zc:inline /Fo"Debug\\" /Fd"Debug\vc140.pdb" /Gd /TP /analyze- /errorReport:prompt "源.cpp"
         源.cpp
     1>c:\users\zhao yufeng\documents\vscode\c++\datavisualization\datavisual\datavisual\functiondraw.h(138): warning C4244: “参数”: 从“double”转换到“int”，可能丢失数据
     1>c:\users\zhao yufeng\documents\vscode\c++\datavisualization\datavisual\datavisual\functiondraw.h(142): warning C4244: “参数”: 从“double”转换到“int”，可能丢失数据
     1>c:\users\zhao yufeng\documents\vscode\c++\datavisualization\datavisual\datavisual\functiondraw.h(143): warning C4244: “参数”: 从“double”转换到“int”，可能丢失数据
     1>c:\users\zhao yufeng\documents\vscode\c++\datavisualization\datavisual\datavisual\functiondraw.h(295): warning C4244: “参数”: 从“double”转换到“int”，可能丢失数据
     1>c:\users\zhao yufeng\documents\vscode\c++\datavisualization\datavisual\datavisual\functiondraw.h(296): warning C4244: “参数”: 从“double”转换到“int”，可能丢失数据
     1>c:\users\zhao yufeng\documents\vscode\c++\datavisualization\datavisual\datavisual\functiondraw.h(297): warning C4244: “参数”: 从“double”转换到“int”，可能丢失数据
     1>c:\users\zhao yufeng\documents\vscode\c++\datavisualization\datavisual\datavisual\functiondraw.h(298): warning C4244: “参数”: 从“double”转换到“int”，可能丢失数据
     1>c:\users\zhao yufeng\documents\vscode\c++\datavisualization\datavisual\datavisual\functiondraw.h(299): warning C4244: “参数”: 从“double”转换到“int”，可能丢失数据
     1>c:\users\zhao yufeng\documents\vscode\c++\datavisualization\datavisual\datavisual\functiondraw.h(300): warning C4244: “参数”: 从“double”转换到“int”，可能丢失数据
     1>c:\users\zhao yufeng\documents\vscode\c++\datavisualization\datavisual\datavisual\functiondraw.h(303): warning C4244: “参数”: 从“double”转换到“int”，可能丢失数据
     1>c:\users\zhao yufeng\documents\vscode\c++\datavisualization\datavisual\datavisual\functiondraw.h(304): warning C4244: “参数”: 从“double”转换到“int”，可能丢失数据
     1>c:\users\zhao yufeng\documents\vscode\c++\datavisualization\datavisual\datavisual\functiondraw.h(305): warning C4244: “参数”: 从“double”转换到“int”，可能丢失数据
     1>c:\users\zhao yufeng\documents\vscode\c++\datavisualization\datavisual\datavisual\functiondraw.h(149): warning C4715: “funcDraw::_drawFunction”: 不是所有的控件路径都返回值
       Link:
         D:\Visual Studio\VC\bin\link.exe /ERRORREPORT:PROMPT /OUT:"C:\Users\Zhao Yufeng\Documents\VSCode\C++\DataVisualization\DataVisual\Debug\DataVisual.exe" /INCREMENTAL /NOLOGO kernel32.lib user32.lib gdi32.lib winspool.lib comdlg32.lib advapi32.lib shell32.lib ole32.lib oleaut32.lib uuid.lib odbc32.lib odbccp32.lib /MANIFEST /MANIFESTUAC:"level='asInvoker' uiAccess='false'" /manifest:embed /Debug /PDB:"C:\Users\Zhao Yufeng\Documents\VSCode\C++\DataVisualization\DataVisual\Debug\DataVisual.pdb" /TLBID:1 /DYNAMICBASE /NXCOMPAT /IMPLIB:"C:\Users\Zhao Yufeng\Documents\VSCode\C++\DataVisualization\DataVisual\Debug\DataVisual.lib" /MACHINE:X86 "Debug\源.obj"
         DataVisual.vcxproj -> C:\Users\Zhao Yufeng\Documents\VSCode\C++\DataVisualization\DataVisual\Debug\DataVisual.exe
     1>已完成生成项目“C:\Users\Zhao Yufeng\Documents\VSCode\C++\DataVisualization\DataVisual\DataVisual\DataVisual.vcxproj”(Build 个目标)的操作。

已成功生成。

已用时间 00:00:01.10
